C51 COMPILER V9.60.0.0   DELAY                                                             12/26/2025 10:55:46 PAGE 1   


C51 COMPILER V9.60.0.0, COMPILATION OF MODULE DELAY
OBJECT MODULE PLACED IN .\Objects\delay.obj
COMPILER INVOKED BY: E:\Keil_v5\Keil_MDK\C51\BIN\C51.EXE delay.c OPTIMIZE(8,SPEED) BROWSE DEBUG OBJECTEXTEND PRINT(.\Lis
                    -tings\delay.lst) TABS(2) OBJECT(.\Objects\delay.obj)

line level    source

   1          #include <REGX52.H>
   2          #include <INTRINS.H>
   3          #include "delay.h"
   4          
   5          void Delay(unsigned int xms)  //@24.000MHz
   6          {
   7   1        unsigned char data i, j;
   8   1        while(xms--)
   9   1        {
  10   2        i = 4;
  11   2        j = 225;
  12   2        do
  13   2        {
  14   3          while (--j);
  15   3        } while (--i);
  16   2        }
  17   1      }
  18          
  19          


MODULE INFORMATION:   STATIC OVERLAYABLE
   CODE SIZE        =     21    ----
   CONSTANT SIZE    =   ----    ----
   XDATA SIZE       =   ----    ----
   PDATA SIZE       =   ----    ----
   DATA SIZE        =   ----    ----
   IDATA SIZE       =   ----    ----
   BIT SIZE         =   ----    ----
END OF MODULE INFORMATION.


C51 COMPILATION COMPLETE.  0 WARNING(S),  0 ERROR(S)
